<?xml version="1.0" encoding="UTF-8"?>
<testng-results ignored="0" total="1" passed="1" failed="0" skipped="0">
  <reporter-output>
  </reporter-output>
  <suite started-at="2025-06-01T03:06:22 GMT-07:00" name="Default suite" finished-at="2025-06-01T03:06:26 GMT-07:00" duration-ms="4387">
    <groups>
    </groups>
    <test started-at="2025-06-01T03:06:22 GMT-07:00" name="Default test" finished-at="2025-06-01T03:06:26 GMT-07:00" duration-ms="4387">
      <class name="tutorialsninja.TC_RF_001">
        <test-method signature="registerPage()[pri:0, instance:tutorialsninja.TC_RF_001@7b36aa0c]" started-at="2025-06-01T03:06:22 GMT-07:00" name="registerPage" finished-at="2025-06-01T03:06:26 GMT-07:00" duration-ms="4341" status="PASS">
          <reporter-output>
          </reporter-output>
        </test-method> <!-- registerPage -->
      </class> <!-- tutorialsninja.TC_RF_001 -->
    </test> <!-- Default test -->
  </suite> <!-- Default suite -->
</testng-results>
